  EnemyWander.cpp
C:\Users\labuser\Desktop\AI Games - Oisin\AI-Games-Joseph-OKeeffe\Lab1\Lab1\EnemyWander.cpp(59,85): warning C4244: 'argument': conversion from 'int' to 'float', possible loss of data
C:\Users\labuser\Desktop\AI Games - Oisin\AI-Games-Joseph-OKeeffe\Lab1\Lab1\EnemyWander.cpp(59,49): warning C4244: 'argument': conversion from 'int' to 'float', possible loss of data
C:\Users\labuser\Desktop\AI Games - Oisin\AI-Games-Joseph-OKeeffe\Lab1\Lab1\EnemyWander.cpp(60,23): warning C4305: 'argument': truncation from 'double' to 'float'
C:\Users\labuser\Desktop\AI Games - Oisin\AI-Games-Joseph-OKeeffe\Lab1\Lab1\EnemyWander.cpp(60,18): warning C4305: 'argument': truncation from 'double' to 'float'
C:\Users\labuser\Desktop\AI Games - Oisin\AI-Games-Joseph-OKeeffe\Lab1\Lab1\EnemyWander.cpp(78,39): warning C4244: '=': conversion from 'T' to 'T', possible loss of data
          with
          [
              T=unsigned int
          ]
          and
          [
              T=float
          ]
C:\Users\labuser\Desktop\AI Games - Oisin\AI-Games-Joseph-OKeeffe\Lab1\Lab1\EnemyWander.cpp(86,39): warning C4244: '=': conversion from 'T' to 'T', possible loss of data
          with
          [
              T=unsigned int
          ]
          and
          [
              T=float
          ]
  EnemyFlee.cpp
C:\Users\labuser\Desktop\AI Games - Oisin\AI-Games-Joseph-OKeeffe\Lab1\Lab1\EnemyFlee.h(37,20): warning C4305: 'initializing': truncation from 'double' to 'float'
C:\Users\labuser\Desktop\AI Games - Oisin\AI-Games-Joseph-OKeeffe\Lab1\Lab1\EnemyFlee.cpp(46,85): warning C4244: 'argument': conversion from 'int' to 'float', possible loss of data
C:\Users\labuser\Desktop\AI Games - Oisin\AI-Games-Joseph-OKeeffe\Lab1\Lab1\EnemyFlee.cpp(46,49): warning C4244: 'argument': conversion from 'int' to 'float', possible loss of data
C:\Users\labuser\Desktop\AI Games - Oisin\AI-Games-Joseph-OKeeffe\Lab1\Lab1\EnemyFlee.cpp(47,23): warning C4305: 'argument': truncation from 'double' to 'float'
C:\Users\labuser\Desktop\AI Games - Oisin\AI-Games-Joseph-OKeeffe\Lab1\Lab1\EnemyFlee.cpp(47,18): warning C4305: 'argument': truncation from 'double' to 'float'
C:\Users\labuser\Desktop\AI Games - Oisin\AI-Games-Joseph-OKeeffe\Lab1\Lab1\EnemyFlee.cpp(58,42): warning C4244: '=': conversion from 'T' to 'T', possible loss of data
          with
          [
              T=unsigned int
          ]
          and
          [
              T=float
          ]
C:\Users\labuser\Desktop\AI Games - Oisin\AI-Games-Joseph-OKeeffe\Lab1\Lab1\EnemyFlee.cpp(66,42): warning C4244: '=': conversion from 'T' to 'T', possible loss of data
          with
          [
              T=unsigned int
          ]
          and
          [
              T=float
          ]
  Game.cpp
C:\Users\labuser\Desktop\AI Games - Oisin\AI-Games-Joseph-OKeeffe\Lab1\Lab1\EnemyFlee.h(37,20): warning C4305: 'initializing': truncation from 'double' to 'float'
  GenericEnemy.cpp
  main.cpp
C:\Users\labuser\Desktop\AI Games - Oisin\AI-Games-Joseph-OKeeffe\Lab1\Lab1\EnemyFlee.h(37,20): warning C4305: 'initializing': truncation from 'double' to 'float'
  Player.cpp
C:\Users\labuser\Desktop\AI Games - Oisin\AI-Games-Joseph-OKeeffe\Lab1\Lab1\Player.cpp(20,103): warning C4244: 'argument': conversion from 'int' to 'float', possible loss of data
C:\Users\labuser\Desktop\AI Games - Oisin\AI-Games-Joseph-OKeeffe\Lab1\Lab1\Player.cpp(20,61): warning C4244: 'argument': conversion from 'int' to 'float', possible loss of data
C:\Users\labuser\Desktop\AI Games - Oisin\AI-Games-Joseph-OKeeffe\Lab1\Lab1\Player.cpp(21,28): warning C4305: 'argument': truncation from 'double' to 'float'
C:\Users\labuser\Desktop\AI Games - Oisin\AI-Games-Joseph-OKeeffe\Lab1\Lab1\Player.cpp(21,24): warning C4305: 'argument': truncation from 'double' to 'float'
C:\Users\labuser\Desktop\AI Games - Oisin\AI-Games-Joseph-OKeeffe\Lab1\Lab1\Player.cpp(96,39): warning C4244: '=': conversion from 'T' to 'T', possible loss of data
          with
          [
              T=unsigned int
          ]
          and
          [
              T=float
          ]
C:\Users\labuser\Desktop\AI Games - Oisin\AI-Games-Joseph-OKeeffe\Lab1\Lab1\Player.cpp(104,39): warning C4244: '=': conversion from 'T' to 'T', possible loss of data
          with
          [
              T=unsigned int
          ]
          and
          [
              T=float
          ]
  EnemySeeker.cpp
C:\Users\labuser\Desktop\AI Games - Oisin\AI-Games-Joseph-OKeeffe\Lab1\Lab1\EnemySeeker.cpp(48,85): warning C4244: 'argument': conversion from 'int' to 'float', possible loss of data
C:\Users\labuser\Desktop\AI Games - Oisin\AI-Games-Joseph-OKeeffe\Lab1\Lab1\EnemySeeker.cpp(48,49): warning C4244: 'argument': conversion from 'int' to 'float', possible loss of data
C:\Users\labuser\Desktop\AI Games - Oisin\AI-Games-Joseph-OKeeffe\Lab1\Lab1\EnemySeeker.cpp(60,39): warning C4244: '=': conversion from 'T' to 'T', possible loss of data
          with
          [
              T=unsigned int
          ]
          and
          [
              T=float
          ]
C:\Users\labuser\Desktop\AI Games - Oisin\AI-Games-Joseph-OKeeffe\Lab1\Lab1\EnemySeeker.cpp(68,39): warning C4244: '=': conversion from 'T' to 'T', possible loss of data
          with
          [
              T=unsigned int
          ]
          and
          [
              T=float
          ]
  Generating Code...
  Lab1.vcxproj -> C:\Users\labuser\Desktop\AI Games - Oisin\AI-Games-Joseph-OKeeffe\Lab1\x64\Debug\Lab1.exe
